PID B A C T W D
1 17 0 17 17 0 true
2 15 1 51 50 35 true
3 4 7 21 14 10 true
4 7 11 28 17 10 true
5 20 18 1769 1751 1731 true
6 8 20 36 16 8 true
7 18 26 69 43 25 true
8 20 35 1789 1754 1734 true
9 19 43 1597 1554 1535 true
10 18 48 89 41 23 true
11 2 54 71 17 15 true
12 18 62 1452 1390 1372 true
13 9 72 98 26 17 true
14 17 77 1332 1255 1238 true
15 11 87 109 22 11 true
16 10 97 119 22 12 true
17 15 102 189 87 72 true
18 5 103 124 21 16 true
19 17 111 1349 1238 1221 true
20 12 118 136 18 6 true
21 5 122 141 19 14 true
22 9 130 150 20 11 true
23 4 135 154 19 15 true
24 7 141 161 20 13 true
25 10 150 171 21 11 true
26 3 156 174 18 15 true
27 20 161 1809 1648 1628 true
28 6 171 200 29 23 true
29 14 177 219 42 28 true
30 4 182 193 11 7 true
31 1 184 194 10 9 true
32 3 192 203 11 8 true
33 2 197 205 8 6 true
34 13 200 237 37 24 true
35 2 205 221 16 14 true
36 17 214 1366 1152 1135 true
37 3 216 224 8 5 true
38 15 220 252 32 17 true
39 17 222 1383 1161 1144 true
40 3 232 255 23 20 true
41 5 238 260 22 17 true
42 17 239 1400 1161 1144 true
43 9 246 269 23 14 true
44 19 250 1616 1366 1347 true
45 5 258 278 20 15 true
46 4 264 273 9 5 true
47 1 268 279 11 10 true
48 15 275 294 19 4 true
49 8 277 317 40 32 true
50 4 280 299 19 15 true
51 16 282 1267 985 969 true
52 1 287 295 8 7 true
53 4 291 303 12 8 true
54 9 292 333 41 32 true
55 3 294 306 12 9 true
56 14 299 844 545 531 true
57 3 300 309 9 6 true
58 13 303 612 309 296 true
59 16 307 1283 976 960 true
60 9 308 347 39 30 true
61 4 309 321 12 8 true
62 3 315 324 9 6 true
63 12 318 471 153 141 true
64 9 320 371 51 42 true
65 14 323 859 536 522 true
66 2 325 335 10 8 true
67 3 327 338 11 8 true
68 20 333 1829 1496 1476 true
69 10 338 384 46 36 true
70 4 339 351 12 8 true
71 19 340 1635 1295 1276 true
72 5 345 356 11 6 true
73 11 349 431 82 71 true
74 6 350 362 12 6 true
75 19 351 1654 1303 1284 true
76 11 360 446 86 75 true
77 3 363 374 11 8 true
78 5 370 389 19 14 true
79 13 375 682 307 294 true
80 10 381 409 28 18 true
81 8 383 397 14 6 true
82 12 385 499 114 102 true
83 2 389 399 10 8 true
84 5 396 414 18 13 true
85 6 400 420 20 14 true
86 19 402 1673 1271 1252 true
87 12 412 524 112 100 true
88 4 421 435 14 10 true
89 20 428 1849 1421 1401 true
90 1 430 447 17 16 true
91 20 435 1869 1434 1414 true
92 7 442 454 12 5 true
93 5 443 459 16 11 true
94 19 450 1692 1242 1223 true
95 11 456 487 31 20 true
96 5 462 476 14 9 true
97 20 466 1889 1423 1403 true
98 20 467 1909 1442 1422 true
99 12 469 585 116 104 true
100 12 479 599 120 108 true
101 11 481 510 29 18 true
102 2 490 512 22 20 true
103 16 500 1299 799 783 true
104 20 507 1929 1422 1402 true
105 18 517 1470 953 935 true
106 11 521 535 14 3 true
107 7 523 542 19 12 true
108 7 533 549 16 9 true
109 14 537 914 377 363 true
110 7 541 559 18 11 true
111 3 543 552 9 6 true
112 15 544 1221 677 662 true
113 2 547 561 14 12 true
114 3 552 564 12 9 true
115 2 553 566 13 11 true
116 7 561 573 12 5 true
117 18 562 1488 926 908 true
118 20 568 1949 1381 1361 true
119 2 570 587 17 15 true
120 18 577 1506 929 911 true
121 19 583 1711 1128 1109 true
122 9 591 621 30 21 true
123 12 601 669 68 56 true
124 10 603 631 28 18 true
125 11 610 657 47 36 true
126 18 620 1524 904 886 true
127 2 623 633 10 8 true
128 10 628 643 15 5 true
129 3 630 646 16 13 true
130 16 637 1315 678 662 true
131 14 647 957 310 296 true
132 13 651 765 114 101 true
133 19 659 1730 1071 1052 true
134 7 665 693 28 21 true
135 7 670 700 30 23 true
136 4 676 686 10 6 true
137 9 677 726 49 40 true
138 19 684 1749 1065 1046 true
139 7 690 707 17 10 true
140 14 694 978 284 270 true
141 6 700 713 13 7 true
142 4 701 717 16 12 true
143 13 707 788 81 68 true
144 12 708 738 30 18 true
145 11 718 751 33 22 true
146 2 727 740 13 11 true
147 1 734 752 18 17 true
148 10 744 775 31 21 true
149 15 753 1236 483 468 true
150 18 762 1542 780 762 true
151 4 769 792 23 19 true
152 9 779 801 22 13 true
153 7 789 808 19 12 true
154 10 798 818 20 10 true
155 8 801 826 25 17 true
156 20 811 1969 1158 1138 true
157 4 817 830 13 9 true
158 14 823 1136 313 299 true
159 1 830 845 15 14 true
160 8 836 867 31 23 true
161 12 845 882 37 25 true
162 14 850 1150 300 286 true
163 3 854 870 16 13 true
164 5 864 887 23 18 true
165 9 874 896 22 13 true
166 4 881 900 19 15 true
167 14 887 1164 277 263 true
168 4 894 918 24 20 true
169 9 904 927 23 14 true
170 8 913 935 22 14 true
171 14 923 1178 255 241 true
172 8 928 943 15 7 true
173 18 932 1560 628 610 true
174 15 942 1251 309 294 true
175 7 950 964 14 7 true
176 2 955 980 25 23 true
177 11 964 991 27 16 true
178 11 973 1020 47 36 true
179 13 975 1096 121 108 true
180 3 979 994 15 12 true
181 4 985 998 13 9 true
182 13 986 1109 123 110 true
183 13 989 1122 133 120 true
184 10 992 1008 16 6 true
185 1 995 1009 14 13 true
186 17 998 1417 419 402 true
187 18 1002 1578 576 558 true
188 10 1005 1033 28 18 true
189 17 1010 1434 424 407 true
190 14 1012 1192 180 166 true
191 3 1014 1023 9 6 true
192 3 1016 1036 20 17 true
193 9 1025 1045 20 11 true
194 20 1026 1989 963 943 true
195 14 1028 1206 178 164 true
196 5 1030 1050 20 15 true
197 11 1038 1083 45 34 true
198 10 1042 1072 30 20 true
199 7 1043 1062 19 12 true
200 5 1049 1055 6 1 true
